# JRE version: OpenJDK Runtime Environment Temurin-21.0.7+6 (21.0.7+6) (build 21.0.7+6-LTS)
# Java VM: OpenJDK 64-Bit Server VM Temurin-21.0.7+6 (21.0.7+6-LTS, mixed mode, sharing, tiered, compressed oops, compressed class ptrs, parallel gc, windows-amd64)
GC Precious Log:
 CardTable entry size: 512
 CPUs: 16 total, 16 available
 Memory: 16004M
 Large Page Support: Disabled
 NUMA Support: Disabled
 Compressed Oops: Enabled (32-bit)
 Alignments: Space 512K, Generation 512K, Heap 2M
 Heap Min Capacity: 100M
 Heap Initial Capacity: 100M
 Heap Max Capacity: 2G
 Pre-touch: Disabled
 Parallel Workers: 13
Heap:
 PSYoungGen      total 8704K, used 3906K [0x00000000d5580000, 0x00000000d6100000, 0x0000000100000000)
  eden space 7168K, 39% used [0x00000000d5580000,0x00000000d5840aa0,0x00000000d5c80000)
  from space 1536K, 70% used [0x00000000d5f80000,0x00000000d60900c8,0x00000000d6100000)
  to   space 2048K, 0% used [0x00000000d5d00000,0x00000000d5d00000,0x00000000d5f00000)
 ParOldGen       total 203776K, used 203384K [0x0000000080000000, 0x000000008c700000, 0x00000000d5580000)
  object space 203776K, 99% used [0x0000000080000000,0x000000008c69e028,0x000000008c700000)
 Metaspace       used 59379K, committed 60800K, reserved 1114112K
  class space    used 6066K, committed 6656K, reserved 1048576K
GC Heap History (20 events):
Event: 29.945 GC heap before
{Heap before GC invocations=109 (full 3):
 PSYoungGen      total 7680K, used 7525K [0x00000000d5580000, 0x00000000d5e80000, 0x0000000100000000)
  eden space 6144K, 100% used [0x00000000d5580000,0x00000000d5b80000,0x00000000d5b80000)
  from space 1536K, 89% used [0x00000000d5b80000,0x00000000d5cd97b8,0x00000000d5d00000)
  to   space 1536K, 0% used [0x00000000d5d00000,0x00000000d5d00000,0x00000000d5e80000)
 ParOldGen       total 191488K, used 191397K [0x0000000080000000, 0x000000008bb00000, 0x00000000d5580000)
  object space 191488K, 99% used [0x0000000080000000,0x000000008bae9480,0x000000008bb00000)
 Metaspace       used 58865K, committed 60224K, reserved 1114112K
  class space    used 6018K, committed 6592K, reserved 1048576K
}
Event: 29.947 GC heap after
{Heap after GC invocations=109 (full 3):
 PSYoungGen      total 7680K, used 1506K [0x00000000d5580000, 0x00000000d5e80000, 0x0000000100000000)
  eden space 6144K, 0% used [0x00000000d5580000,0x00000000d5580000,0x00000000d5b80000)
  from space 1536K, 98% used [0x00000000d5d00000,0x00000000d5e78aa0,0x00000000d5e80000)
  to   space 1536K, 0% used [0x00000000d5b80000,0x00000000d5b80000,0x00000000d5d00000)
 ParOldGen       total 193024K, used 192558K [0x0000000080000000, 0x000000008bc80000, 0x00000000d5580000)
  object space 193024K, 99% used [0x0000000080000000,0x000000008bc0b8a0,0x000000008bc80000)
 Metaspace       used 58865K, committed 60224K, reserved 1114112K
  class space    used 6018K, committed 6592K, reserved 1048576K
}
Event: 30.002 GC heap before
{Heap before GC invocations=110 (full 3):
 PSYoungGen      total 7680K, used 7650K [0x00000000d5580000, 0x00000000d5e80000, 0x0000000100000000)
  eden space 6144K, 100% used [0x00000000d5580000,0x00000000d5b80000,0x00000000d5b80000)
  from space 1536K, 98% used [0x00000000d5d00000,0x00000000d5e78aa0,0x00000000d5e80000)
  to   space 1536K, 0% used [0x00000000d5b80000,0x00000000d5b80000,0x00000000d5d00000)
 ParOldGen       total 193024K, used 192558K [0x0000000080000000, 0x000000008bc80000, 0x00000000d5580000)
  object space 193024K, 99% used [0x0000000080000000,0x000000008bc0b8a0,0x000000008bc80000)
 Metaspace       used 58887K, committed 60224K, reserved 1114112K
  class space    used 6019K, committed 6592K, reserved 1048576K
}
Event: 30.004 GC heap after
{Heap after GC invocations=110 (full 3):
 PSYoungGen      total 7680K, used 1026K [0x00000000d5580000, 0x00000000d5e80000, 0x0000000100000000)
  eden space 6144K, 0% used [0x00000000d5580000,0x00000000d5580000,0x00000000d5b80000)
  from space 1536K, 66% used [0x00000000d5b80000,0x00000000d5c80b48,0x00000000d5d00000)
  to   space 1536K, 0% used [0x00000000d5d00000,0x00000000d5d00000,0x00000000d5e80000)
 ParOldGen       total 194048K, used 193924K [0x0000000080000000, 0x000000008bd80000, 0x00000000d5580000)
  object space 194048K, 99% used [0x0000000080000000,0x000000008bd61250,0x000000008bd80000)
 Metaspace       used 58887K, committed 60224K, reserved 1114112K
  class space    used 6019K, committed 6592K, reserved 1048576K
}
Event: 30.036 GC heap before
{Heap before GC invocations=111 (full 3):
 PSYoungGen      total 7680K, used 7170K [0x00000000d5580000, 0x00000000d5e80000, 0x0000000100000000)
  eden space 6144K, 100% used [0x00000000d5580000,0x00000000d5b80000,0x00000000d5b80000)
  from space 1536K, 66% used [0x00000000d5b80000,0x00000000d5c80b48,0x00000000d5d00000)
  to   space 1536K, 0% used [0x00000000d5d00000,0x00000000d5d00000,0x00000000d5e80000)
 ParOldGen       total 194048K, used 193924K [0x0000000080000000, 0x000000008bd80000, 0x00000000d5580000)
  object space 194048K, 99% used [0x0000000080000000,0x000000008bd61250,0x000000008bd80000)
 Metaspace       used 58904K, committed 60224K, reserved 1114112K
  class space    used 6019K, committed 6592K, reserved 1048576K
}
Event: 30.037 GC heap after
{Heap after GC invocations=111 (full 3):
 PSYoungGen      total 7168K, used 1483K [0x00000000d5580000, 0x00000000d5f80000, 0x0000000100000000)
  eden space 5632K, 0% used [0x00000000d5580000,0x00000000d5580000,0x00000000d5b00000)
  from space 1536K, 96% used [0x00000000d5d00000,0x00000000d5e72d78,0x00000000d5e80000)
  to   space 2048K, 0% used [0x00000000d5b00000,0x00000000d5b00000,0x00000000d5d00000)
 ParOldGen       total 195072K, used 194792K [0x0000000080000000, 0x000000008be80000, 0x00000000d5580000)
  object space 195072K, 99% used [0x0000000080000000,0x000000008be3a3c0,0x000000008be80000)
 Metaspace       used 58904K, committed 60224K, reserved 1114112K
  class space    used 6019K, committed 6592K, reserved 1048576K
}
Event: 30.090 GC heap before
{Heap before GC invocations=112 (full 3):
 PSYoungGen      total 7168K, used 7115K [0x00000000d5580000, 0x00000000d5f80000, 0x0000000100000000)
  eden space 5632K, 100% used [0x00000000d5580000,0x00000000d5b00000,0x00000000d5b00000)
  from space 1536K, 96% used [0x00000000d5d00000,0x00000000d5e72d78,0x00000000d5e80000)
  to   space 2048K, 0% used [0x00000000d5b00000,0x00000000d5b00000,0x00000000d5d00000)
 ParOldGen       total 195072K, used 194792K [0x0000000080000000, 0x000000008be80000, 0x00000000d5580000)
  object space 195072K, 99% used [0x0000000080000000,0x000000008be3a3c0,0x000000008be80000)
 Metaspace       used 58941K, committed 60288K, reserved 1114112K
  class space    used 6019K, committed 6592K, reserved 1048576K
}
Event: 30.092 GC heap after
{Heap after GC invocations=112 (full 3):
 PSYoungGen      total 6656K, used 945K [0x00000000d5580000, 0x00000000d5e00000, 0x0000000100000000)
  eden space 5632K, 0% used [0x00000000d5580000,0x00000000d5580000,0x00000000d5b00000)
  from space 1024K, 92% used [0x00000000d5b00000,0x00000000d5bec5d8,0x00000000d5c00000)
  to   space 1536K, 0% used [0x00000000d5c80000,0x00000000d5c80000,0x00000000d5e00000)
 ParOldGen       total 196096K, used 196017K [0x0000000080000000, 0x000000008bf80000, 0x00000000d5580000)
  object space 196096K, 99% used [0x0000000080000000,0x000000008bf6c668,0x000000008bf80000)
 Metaspace       used 58941K, committed 60288K, reserved 1114112K
  class space    used 6019K, committed 6592K, reserved 1048576K
}
Event: 30.122 GC heap before
{Heap before GC invocations=113 (full 3):
 PSYoungGen      total 6656K, used 6577K [0x00000000d5580000, 0x00000000d5e00000, 0x0000000100000000)
  eden space 5632K, 100% used [0x00000000d5580000,0x00000000d5b00000,0x00000000d5b00000)
  from space 1024K, 92% used [0x00000000d5b00000,0x00000000d5bec5d8,0x00000000d5c00000)
  to   space 1536K, 0% used [0x00000000d5c80000,0x00000000d5c80000,0x00000000d5e00000)
 ParOldGen       total 196096K, used 196017K [0x0000000080000000, 0x000000008bf80000, 0x00000000d5580000)
  object space 196096K, 99% used [0x0000000080000000,0x000000008bf6c668,0x000000008bf80000)
 Metaspace       used 58978K, committed 60352K, reserved 1114112K
  class space    used 6019K, committed 6592K, reserved 1048576K
}
Event: 30.123 GC heap after
{Heap after GC invocations=113 (full 3):
 PSYoungGen      total 7168K, used 1182K [0x00000000d5580000, 0x00000000d5e00000, 0x0000000100000000)
  eden space 5632K, 0% used [0x00000000d5580000,0x00000000d5580000,0x00000000d5b00000)
  from space 1536K, 76% used [0x00000000d5c80000,0x00000000d5da7a80,0x00000000d5e00000)
  to   space 1536K, 0% used [0x00000000d5b00000,0x00000000d5b00000,0x00000000d5c80000)
 ParOldGen       total 197120K, used 196777K [0x0000000080000000, 0x000000008c080000, 0x00000000d5580000)
  object space 197120K, 99% used [0x0000000080000000,0x000000008c02a7e8,0x000000008c080000)
 Metaspace       used 58978K, committed 60352K, reserved 1114112K
  class space    used 6019K, committed 6592K, reserved 1048576K
}
Event: 30.150 GC heap before
{Heap before GC invocations=114 (full 3):
 PSYoungGen      total 7168K, used 6814K [0x00000000d5580000, 0x00000000d5e00000, 0x0000000100000000)
  eden space 5632K, 100% used [0x00000000d5580000,0x00000000d5b00000,0x00000000d5b00000)
  from space 1536K, 76% used [0x00000000d5c80000,0x00000000d5da7a80,0x00000000d5e00000)
  to   space 1536K, 0% used [0x00000000d5b00000,0x00000000d5b00000,0x00000000d5c80000)
 ParOldGen       total 197120K, used 196777K [0x0000000080000000, 0x000000008c080000, 0x00000000d5580000)
  object space 197120K, 99% used [0x0000000080000000,0x000000008c02a7e8,0x000000008c080000)
 Metaspace       used 58984K, committed 60352K, reserved 1114112K
  class space    used 6019K, committed 6592K, reserved 1048576K
}
Event: 30.152 GC heap after
{Heap after GC invocations=114 (full 3):
 PSYoungGen      total 7168K, used 1192K [0x00000000d5580000, 0x00000000d5e00000, 0x0000000100000000)
  eden space 5632K, 0% used [0x00000000d5580000,0x00000000d5580000,0x00000000d5b00000)
  from space 1536K, 77% used [0x00000000d5b00000,0x00000000d5c2a238,0x00000000d5c80000)
  to   space 1536K, 0% used [0x00000000d5c80000,0x00000000d5c80000,0x00000000d5e00000)
 ParOldGen       total 198144K, used 197773K [0x0000000080000000, 0x000000008c180000, 0x00000000d5580000)
  object space 198144K, 99% used [0x0000000080000000,0x000000008c123588,0x000000008c180000)
 Metaspace       used 58984K, committed 60352K, reserved 1114112K
  class space    used 6019K, committed 6592K, reserved 1048576K
}
Event: 30.183 GC heap before
{Heap before GC invocations=115 (full 3):
 PSYoungGen      total 7168K, used 6824K [0x00000000d5580000, 0x00000000d5e00000, 0x0000000100000000)
  eden space 5632K, 100% used [0x00000000d5580000,0x00000000d5b00000,0x00000000d5b00000)
  from space 1536K, 77% used [0x00000000d5b00000,0x00000000d5c2a238,0x00000000d5c80000)
  to   space 1536K, 0% used [0x00000000d5c80000,0x00000000d5c80000,0x00000000d5e00000)
 ParOldGen       total 198144K, used 197773K [0x0000000080000000, 0x000000008c180000, 0x00000000d5580000)
  object space 198144K, 99% used [0x0000000080000000,0x000000008c123588,0x000000008c180000)
 Metaspace       used 59015K, committed 60416K, reserved 1114112K
  class space    used 6021K, committed 6592K, reserved 1048576K
}
Event: 30.185 GC heap after
{Heap after GC invocations=115 (full 3):
 PSYoungGen      total 7168K, used 1275K [0x00000000d5580000, 0x00000000d5e00000, 0x0000000100000000)
  eden space 5632K, 0% used [0x00000000d5580000,0x00000000d5580000,0x00000000d5b00000)
  from space 1536K, 83% used [0x00000000d5c80000,0x00000000d5dbeca0,0x00000000d5e00000)
  to   space 1536K, 0% used [0x00000000d5b00000,0x00000000d5b00000,0x00000000d5c80000)
 ParOldGen       total 199168K, used 198855K [0x0000000080000000, 0x000000008c280000, 0x00000000d5580000)
  object space 199168K, 99% used [0x0000000080000000,0x000000008c231d30,0x000000008c280000)
 Metaspace       used 59015K, committed 60416K, reserved 1114112K
  class space    used 6021K, committed 6592K, reserved 1048576K
}
Event: 30.213 GC heap before
{Heap before GC invocations=116 (full 3):
 PSYoungGen      total 7168K, used 6907K [0x00000000d5580000, 0x00000000d5e00000, 0x0000000100000000)
  eden space 5632K, 100% used [0x00000000d5580000,0x00000000d5b00000,0x00000000d5b00000)
  from space 1536K, 83% used [0x00000000d5c80000,0x00000000d5dbeca0,0x00000000d5e00000)
  to   space 1536K, 0% used [0x00000000d5b00000,0x00000000d5b00000,0x00000000d5c80000)
 ParOldGen       total 199168K, used 198855K [0x0000000080000000, 0x000000008c280000, 0x00000000d5580000)
  object space 199168K, 99% used [0x0000000080000000,0x000000008c231d30,0x000000008c280000)
 Metaspace       used 59103K, committed 60480K, reserved 1114112K
  class space    used 6031K, committed 6592K, reserved 1048576K
}
Event: 30.215 GC heap after
{Heap after GC invocations=116 (full 3):
 PSYoungGen      total 7168K, used 1018K [0x00000000d5580000, 0x00000000d5e00000, 0x0000000100000000)
  eden space 5632K, 0% used [0x00000000d5580000,0x00000000d5580000,0x00000000d5b00000)
  from space 1536K, 66% used [0x00000000d5b00000,0x00000000d5bfeb38,0x00000000d5c80000)
  to   space 1536K, 0% used [0x00000000d5c80000,0x00000000d5c80000,0x00000000d5e00000)
 ParOldGen       total 200192K, used 199925K [0x0000000080000000, 0x000000008c380000, 0x00000000d5580000)
  object space 200192K, 99% used [0x0000000080000000,0x000000008c33d488,0x000000008c380000)
 Metaspace       used 59103K, committed 60480K, reserved 1114112K
  class space    used 6031K, committed 6592K, reserved 1048576K
}
Event: 30.289 GC heap before
{Heap before GC invocations=117 (full 3):
 PSYoungGen      total 7168K, used 6618K [0x00000000d5580000, 0x00000000d5e00000, 0x0000000100000000)
  eden space 5632K, 99% used [0x00000000d5580000,0x00000000d5af7d88,0x00000000d5b00000)
  from space 1536K, 66% used [0x00000000d5b00000,0x00000000d5bfeb38,0x00000000d5c80000)
  to   space 1536K, 0% used [0x00000000d5c80000,0x00000000d5c80000,0x00000000d5e00000)
 ParOldGen       total 200192K, used 199925K [0x0000000080000000, 0x000000008c380000, 0x00000000d5580000)
  object space 200192K, 99% used [0x0000000080000000,0x000000008c33d488,0x000000008c380000)
 Metaspace       used 59210K, committed 60608K, reserved 1114112K
  class space    used 6049K, committed 6656K, reserved 1048576K
}
Event: 30.291 GC heap after
{Heap after GC invocations=117 (full 3):
 PSYoungGen      total 7168K, used 1456K [0x00000000d5580000, 0x00000000d5e00000, 0x0000000100000000)
  eden space 5632K, 0% used [0x00000000d5580000,0x00000000d5580000,0x00000000d5b00000)
  from space 1536K, 94% used [0x00000000d5c80000,0x00000000d5dec3c0,0x00000000d5e00000)
  to   space 1536K, 0% used [0x00000000d5b00000,0x00000000d5b00000,0x00000000d5c80000)
 ParOldGen       total 201216K, used 200732K [0x0000000080000000, 0x000000008c480000, 0x00000000d5580000)
  object space 201216K, 99% used [0x0000000080000000,0x000000008c407330,0x000000008c480000)
 Metaspace       used 59210K, committed 60608K, reserved 1114112K
  class space    used 6049K, committed 6656K, reserved 1048576K
}
Event: 30.311 GC heap before
{Heap before GC invocations=118 (full 3):
 PSYoungGen      total 7168K, used 7088K [0x00000000d5580000, 0x00000000d5e00000, 0x0000000100000000)
  eden space 5632K, 100% used [0x00000000d5580000,0x00000000d5b00000,0x00000000d5b00000)
  from space 1536K, 94% used [0x00000000d5c80000,0x00000000d5dec3c0,0x00000000d5e00000)
  to   space 1536K, 0% used [0x00000000d5b00000,0x00000000d5b00000,0x00000000d5c80000)
 ParOldGen       total 201216K, used 200732K [0x0000000080000000, 0x000000008c480000, 0x00000000d5580000)
  object space 201216K, 99% used [0x0000000080000000,0x000000008c407330,0x000000008c480000)
 Metaspace       used 59210K, committed 60608K, reserved 1114112K
  class space    used 6049K, committed 6656K, reserved 1048576K
}
Event: 31.304 GC heap after
{Heap after GC invocations=118 (full 3):
 PSYoungGen      total 7168K, used 1529K [0x00000000d5580000, 0x00000000d6280000, 0x0000000100000000)
  eden space 5632K, 0% used [0x00000000d5580000,0x00000000d5580000,0x00000000d5b00000)
  from space 1536K, 99% used [0x00000000d5b00000,0x00000000d5c7e4d0,0x00000000d5c80000)
  to   space 3072K, 0% used [0x00000000d5f80000,0x00000000d5f80000,0x00000000d6280000)
 ParOldGen       total 202240K, used 202019K [0x0000000080000000, 0x000000008c580000, 0x00000000d5580000)
  object space 202240K, 99% used [0x0000000080000000,0x000000008c548e50,0x000000008c580000)
 Metaspace       used 59210K, committed 60608K, reserved 1114112K
  class space    used 6049K, committed 6656K, reserved 1048576K
}

